TN:
SF:src\types.ts
FN:1,(anonymous_0)
FN:55,(anonymous_1)
FN:106,(anonymous_2)
FNF:3
FNH:3
FNDA:3,(anonymous_0)
FNDA:3,(anonymous_1)
FNDA:3,(anonymous_2)
DA:1,3
DA:2,3
DA:3,3
DA:55,3
DA:56,3
DA:57,3
DA:106,3
DA:107,3
DA:108,3
LF:9
LH:9
BRDA:1,0,0,3
BRDA:1,0,1,3
BRDA:55,1,0,3
BRDA:55,1,1,3
BRDA:106,2,0,3
BRDA:106,2,1,3
BRF:6
BRH:6
end_of_record
TN:
SF:src\Error\BadRequestError.ts
FN:4,(anonymous_0)
FNF:1
FNH:1
FNDA:4,(anonymous_0)
DA:1,3
DA:3,3
DA:7,4
LF:3
LH:3
BRDA:5,0,0,0
BRF:1
BRH:0
end_of_record
TN:
SF:src\Error\BaseError.ts
FN:2,(anonymous_0)
FNF:1
FNH:1
FNDA:4,(anonymous_0)
DA:1,3
DA:3,4
DA:6,4
LF:3
LH:3
BRF:0
BRH:0
end_of_record
TN:
SF:src\Error\NotFoundError.ts
FN:4,(anonymous_0)
FNF:1
FNH:0
FNDA:0,(anonymous_0)
DA:1,3
DA:3,3
DA:7,0
LF:3
LH:2
BRDA:5,0,0,0
BRF:1
BRH:0
end_of_record
TN:
SF:src\business\UserBusiness.ts
FN:17,(anonymous_7)
FN:25,(anonymous_8)
FN:25,(anonymous_9)
FN:48,(anonymous_10)
FN:48,(anonymous_11)
FN:98,(anonymous_12)
FN:98,(anonymous_13)
FNF:7
FNH:7
FNDA:3,(anonymous_7)
FNDA:1,(anonymous_8)
FNDA:1,(anonymous_9)
FNDA:3,(anonymous_10)
FNDA:3,(anonymous_11)
FNDA:5,(anonymous_12)
FNDA:5,(anonymous_13)
DA:8,3
DA:9,3
DA:10,3
DA:14,3
DA:16,3
DA:18,3
DA:19,3
DA:20,3
DA:21,3
DA:25,3
DA:26,1
DA:27,0
DA:30,1
DA:32,1
DA:33,0
DA:36,1
DA:45,1
DA:48,3
DA:49,3
DA:51,3
DA:52,0
DA:55,3
DA:56,0
DA:59,3
DA:61,2
DA:62,0
DA:65,2
DA:74,2
DA:79,2
DA:80,2
DA:82,0
DA:88,0
DA:90,0
DA:95,0
DA:98,5
DA:99,5
DA:101,5
DA:102,1
DA:105,4
DA:106,1
DA:109,3
DA:110,1
DA:114,2
DA:115,1
DA:116,1
DA:118,0
DA:120,0
DA:129,0
DA:130,0
DA:132,0
DA:138,0
DA:140,0
DA:145,0
LF:53
LH:36
BRDA:26,0,0,0
BRDA:32,1,0,0
BRDA:51,2,0,0
BRDA:55,3,0,0
BRDA:61,4,0,0
BRDA:79,5,0,2
BRDA:101,6,0,1
BRDA:105,7,0,1
BRDA:109,8,0,1
BRDA:115,9,0,1
BRF:10
BRH:5
end_of_record
TN:
SF:src\database\BaseDatabase.ts
FN:16,(anonymous_1)
FNF:1
FNH:0
FNDA:0,(anonymous_1)
DA:1,3
DA:2,3
DA:4,3
DA:6,3
DA:7,3
DA:17,0
LF:6
LH:5
BRF:0
BRH:0
end_of_record
TN:
SF:src\models\User.ts
FN:4,(anonymous_0)
FN:13,(anonymous_1)
FN:25,(anonymous_2)
FN:36,(anonymous_3)
FN:40,(anonymous_4)
FN:44,(anonymous_5)
FN:48,(anonymous_6)
FN:52,(anonymous_7)
FN:56,(anonymous_8)
FN:60,(anonymous_9)
FN:64,(anonymous_10)
FN:68,(anonymous_11)
FN:72,(anonymous_12)
FN:76,(anonymous_13)
FN:80,(anonymous_14)
FNF:15
FNH:1
FNDA:4,(anonymous_0)
FNDA:0,(anonymous_1)
FNDA:0,(anonymous_2)
FNDA:0,(anonymous_3)
FNDA:0,(anonymous_4)
FNDA:0,(anonymous_5)
FNDA:0,(anonymous_6)
FNDA:0,(anonymous_7)
FNDA:0,(anonymous_8)
FNDA:0,(anonymous_9)
FNDA:0,(anonymous_10)
FNDA:0,(anonymous_11)
FNDA:0,(anonymous_12)
FNDA:0,(anonymous_13)
FNDA:0,(anonymous_14)
DA:3,3
DA:5,4
DA:6,4
DA:7,4
DA:8,4
DA:9,4
DA:10,4
DA:14,0
DA:26,0
DA:37,0
DA:41,0
DA:45,0
DA:49,0
DA:53,0
DA:57,0
DA:61,0
DA:65,0
DA:69,0
DA:73,0
DA:77,0
DA:81,0
LF:21
LH:7
BRF:0
BRH:0
end_of_record
TN:
SF:tests\mocks\HashManagerMock.ts
FN:1,(anonymous_7)
FN:2,(anonymous_8)
FN:2,(anonymous_9)
FN:10,(anonymous_10)
FN:10,(anonymous_11)
FNF:5
FNH:3
FNDA:3,(anonymous_7)
FNDA:0,(anonymous_8)
FNDA:0,(anonymous_9)
FNDA:2,(anonymous_10)
FNDA:2,(anonymous_11)
DA:1,3
DA:2,3
DA:3,0
DA:4,0
DA:7,0
DA:10,3
DA:11,2
DA:12,0
DA:15,2
LF:9
LH:5
BRDA:3,0,0,0
BRDA:11,1,0,0
BRDA:11,2,0,2
BRDA:11,2,1,0
BRF:4
BRH:1
end_of_record
TN:
SF:tests\mocks\IdGeneratorMock.ts
FN:2,(anonymous_0)
FNF:1
FNH:0
FNDA:0,(anonymous_0)
DA:1,3
DA:3,0
LF:2
LH:1
BRF:0
BRH:0
end_of_record
TN:
SF:tests\mocks\TokenManagerMock.ts
FN:3,(anonymous_0)
FN:5,(anonymous_1)
FN:13,(anonymous_2)
FNF:3
FNH:1
FNDA:3,(anonymous_0)
FNDA:0,(anonymous_1)
FNDA:0,(anonymous_2)
DA:1,3
DA:3,3
DA:5,3
DA:6,0
DA:7,0
DA:9,0
DA:13,3
DA:14,0
DA:15,0
DA:21,0
DA:22,0
DA:29,0
LF:12
LH:4
BRDA:6,0,0,0
BRDA:6,0,1,0
BRDA:14,1,0,0
BRDA:14,1,1,0
BRDA:21,2,0,0
BRDA:21,2,1,0
BRF:6
BRH:0
end_of_record
TN:
SF:tests\mocks\UserDataBaseMock.ts
FN:4,(anonymous_7)
FN:7,(anonymous_8)
FN:7,(anonymous_9)
FN:22,(anonymous_10)
FN:22,(anonymous_11)
FN:47,(anonymous_12)
FN:47,(anonymous_13)
FNF:7
FNH:5
FNDA:3,(anonymous_7)
FNDA:1,(anonymous_8)
FNDA:1,(anonymous_9)
FNDA:5,(anonymous_10)
FNDA:5,(anonymous_11)
FNDA:0,(anonymous_12)
FNDA:0,(anonymous_13)
DA:1,3
DA:2,3
DA:4,3
DA:5,3
DA:7,3
DA:8,1
DA:9,1
DA:18,0
DA:22,5
DA:23,5
DA:25,3
DA:34,0
DA:43,2
DA:47,3
LF:14
LH:12
BRDA:8,0,0,1
BRDA:8,0,1,0
BRDA:23,1,0,3
BRDA:23,1,1,0
BRDA:23,1,2,2
BRF:5
BRH:3
end_of_record
